0 info it worked if it ends with ok
1 verbose cli [ 'node', '/usr/local/bin/npm', 'install' ]
2 info using npm@2.14.0
3 info using node@v0.12.7
4 verbose readDependencies loading dependencies from /Users/besn/Projects/routr/package.json
5 warn package.json informal.routr@0.0.1 No repository field.
6 warn package.json informal.routr@0.0.1 No license field.
7 verbose install where, deps [ '/Users/besn/Projects/routr',
7 verbose install   [ 'grunt',
7 verbose install     'grunt-contrib-jshint',
7 verbose install     'grunt-contrib-nodeunit',
7 verbose install     'grunt-contrib-uglify',
7 verbose install     'grunt-bower',
7 verbose install     'grunt-contrib-watch',
7 verbose install     'load-grunt-tasks',
7 verbose install     'time-grunt',
7 verbose install     'grunt-contrib-copy' ] ]
8 verbose install where, peers [ '/Users/besn/Projects/routr', [] ]
9 verbose installManyTop reading for lifecycle /Users/besn/Projects/routr/package.json
10 info preinstall informal.routr@0.0.1
11 verbose readDependencies loading dependencies from /Users/besn/Projects/routr/package.json
12 silly cache add args [ 'grunt@~0.4.2', null ]
13 verbose cache add spec grunt@~0.4.2
14 silly cache add args [ 'grunt-contrib-jshint@~0.6.3', null ]
15 verbose cache add spec grunt-contrib-jshint@~0.6.3
16 silly cache add parsed spec { raw: 'grunt@~0.4.2',
16 silly cache add   scope: null,
16 silly cache add   name: 'grunt',
16 silly cache add   rawSpec: '~0.4.2',
16 silly cache add   spec: '>=0.4.2 <0.5.0',
16 silly cache add   type: 'range' }
17 silly addNamed grunt@>=0.4.2 <0.5.0
18 verbose addNamed ">=0.4.2 <0.5.0" is a valid semver range for grunt
19 silly addNameRange { name: 'grunt', range: '>=0.4.2 <0.5.0', hasData: false }
20 silly mapToRegistry name grunt
21 silly mapToRegistry using default registry
22 silly mapToRegistry registry https://registry.npmjs.org/
23 silly mapToRegistry uri https://registry.npmjs.org/grunt
24 verbose addNameRange registry:https://registry.npmjs.org/grunt not in flight; fetching
25 silly cache add parsed spec { raw: 'grunt-contrib-jshint@~0.6.3',
25 silly cache add   scope: null,
25 silly cache add   name: 'grunt-contrib-jshint',
25 silly cache add   rawSpec: '~0.6.3',
25 silly cache add   spec: '>=0.6.3 <0.7.0',
25 silly cache add   type: 'range' }
26 silly addNamed grunt-contrib-jshint@>=0.6.3 <0.7.0
27 verbose addNamed ">=0.6.3 <0.7.0" is a valid semver range for grunt-contrib-jshint
28 silly addNameRange { name: 'grunt-contrib-jshint',
28 silly addNameRange   range: '>=0.6.3 <0.7.0',
28 silly addNameRange   hasData: false }
29 silly mapToRegistry name grunt-contrib-jshint
30 silly mapToRegistry using default registry
31 silly mapToRegistry registry https://registry.npmjs.org/
32 silly mapToRegistry uri https://registry.npmjs.org/grunt-contrib-jshint
33 verbose addNameRange registry:https://registry.npmjs.org/grunt-contrib-jshint not in flight; fetching
34 silly cache add args [ 'grunt-contrib-nodeunit@~0.2.0', null ]
35 verbose cache add spec grunt-contrib-nodeunit@~0.2.0
36 silly cache add parsed spec { raw: 'grunt-contrib-nodeunit@~0.2.0',
36 silly cache add   scope: null,
36 silly cache add   name: 'grunt-contrib-nodeunit',
36 silly cache add   rawSpec: '~0.2.0',
36 silly cache add   spec: '>=0.2.0 <0.3.0',
36 silly cache add   type: 'range' }
37 silly addNamed grunt-contrib-nodeunit@>=0.2.0 <0.3.0
38 verbose addNamed ">=0.2.0 <0.3.0" is a valid semver range for grunt-contrib-nodeunit
39 silly addNameRange { name: 'grunt-contrib-nodeunit',
39 silly addNameRange   range: '>=0.2.0 <0.3.0',
39 silly addNameRange   hasData: false }
40 silly mapToRegistry name grunt-contrib-nodeunit
41 silly mapToRegistry using default registry
42 silly mapToRegistry registry https://registry.npmjs.org/
43 silly mapToRegistry uri https://registry.npmjs.org/grunt-contrib-nodeunit
44 verbose addNameRange registry:https://registry.npmjs.org/grunt-contrib-nodeunit not in flight; fetching
45 silly cache add args [ 'grunt-contrib-uglify@~0.2.2', null ]
46 verbose cache add spec grunt-contrib-uglify@~0.2.2
47 silly cache add parsed spec { raw: 'grunt-contrib-uglify@~0.2.2',
47 silly cache add   scope: null,
47 silly cache add   name: 'grunt-contrib-uglify',
47 silly cache add   rawSpec: '~0.2.2',
47 silly cache add   spec: '>=0.2.2 <0.3.0',
47 silly cache add   type: 'range' }
48 silly addNamed grunt-contrib-uglify@>=0.2.2 <0.3.0
49 verbose addNamed ">=0.2.2 <0.3.0" is a valid semver range for grunt-contrib-uglify
50 silly addNameRange { name: 'grunt-contrib-uglify',
50 silly addNameRange   range: '>=0.2.2 <0.3.0',
50 silly addNameRange   hasData: false }
51 silly mapToRegistry name grunt-contrib-uglify
52 silly mapToRegistry using default registry
53 silly mapToRegistry registry https://registry.npmjs.org/
54 silly mapToRegistry uri https://registry.npmjs.org/grunt-contrib-uglify
55 verbose addNameRange registry:https://registry.npmjs.org/grunt-contrib-uglify not in flight; fetching
56 silly cache add args [ 'grunt-bower@0.7.0', null ]
57 verbose cache add spec grunt-bower@0.7.0
58 silly cache add parsed spec { raw: 'grunt-bower@0.7.0',
58 silly cache add   scope: null,
58 silly cache add   name: 'grunt-bower',
58 silly cache add   rawSpec: '0.7.0',
58 silly cache add   spec: '0.7.0',
58 silly cache add   type: 'version' }
59 silly addNamed grunt-bower@0.7.0
60 verbose addNamed "0.7.0" is a plain semver version for grunt-bower
61 silly mapToRegistry name grunt-bower
62 silly mapToRegistry using default registry
63 silly mapToRegistry registry https://registry.npmjs.org/
64 silly mapToRegistry uri https://registry.npmjs.org/grunt-bower
65 verbose addNameVersion registry:https://registry.npmjs.org/grunt-bower not in flight; fetching
66 silly cache add args [ 'grunt-contrib-watch@~0.5.3', null ]
67 verbose cache add spec grunt-contrib-watch@~0.5.3
68 silly cache add parsed spec { raw: 'grunt-contrib-watch@~0.5.3',
68 silly cache add   scope: null,
68 silly cache add   name: 'grunt-contrib-watch',
68 silly cache add   rawSpec: '~0.5.3',
68 silly cache add   spec: '>=0.5.3 <0.6.0',
68 silly cache add   type: 'range' }
69 silly addNamed grunt-contrib-watch@>=0.5.3 <0.6.0
70 verbose addNamed ">=0.5.3 <0.6.0" is a valid semver range for grunt-contrib-watch
71 silly addNameRange { name: 'grunt-contrib-watch',
71 silly addNameRange   range: '>=0.5.3 <0.6.0',
71 silly addNameRange   hasData: false }
72 silly mapToRegistry name grunt-contrib-watch
73 silly mapToRegistry using default registry
74 silly mapToRegistry registry https://registry.npmjs.org/
75 silly mapToRegistry uri https://registry.npmjs.org/grunt-contrib-watch
76 verbose addNameRange registry:https://registry.npmjs.org/grunt-contrib-watch not in flight; fetching
77 silly cache add args [ 'load-grunt-tasks@~0.2.0', null ]
78 verbose cache add spec load-grunt-tasks@~0.2.0
79 silly cache add parsed spec { raw: 'load-grunt-tasks@~0.2.0',
79 silly cache add   scope: null,
79 silly cache add   name: 'load-grunt-tasks',
79 silly cache add   rawSpec: '~0.2.0',
79 silly cache add   spec: '>=0.2.0 <0.3.0',
79 silly cache add   type: 'range' }
80 silly addNamed load-grunt-tasks@>=0.2.0 <0.3.0
81 verbose addNamed ">=0.2.0 <0.3.0" is a valid semver range for load-grunt-tasks
82 silly addNameRange { name: 'load-grunt-tasks',
82 silly addNameRange   range: '>=0.2.0 <0.3.0',
82 silly addNameRange   hasData: false }
83 silly mapToRegistry name load-grunt-tasks
84 silly mapToRegistry using default registry
85 silly mapToRegistry registry https://registry.npmjs.org/
86 silly mapToRegistry uri https://registry.npmjs.org/load-grunt-tasks
87 verbose addNameRange registry:https://registry.npmjs.org/load-grunt-tasks not in flight; fetching
88 silly cache add args [ 'time-grunt@~0.2.3', null ]
89 verbose cache add spec time-grunt@~0.2.3
90 silly cache add parsed spec { raw: 'time-grunt@~0.2.3',
90 silly cache add   scope: null,
90 silly cache add   name: 'time-grunt',
90 silly cache add   rawSpec: '~0.2.3',
90 silly cache add   spec: '>=0.2.3 <0.3.0',
90 silly cache add   type: 'range' }
91 silly addNamed time-grunt@>=0.2.3 <0.3.0
92 verbose addNamed ">=0.2.3 <0.3.0" is a valid semver range for time-grunt
93 silly addNameRange { name: 'time-grunt', range: '>=0.2.3 <0.3.0', hasData: false }
94 silly mapToRegistry name time-grunt
95 silly mapToRegistry using default registry
96 silly mapToRegistry registry https://registry.npmjs.org/
97 silly mapToRegistry uri https://registry.npmjs.org/time-grunt
98 verbose addNameRange registry:https://registry.npmjs.org/time-grunt not in flight; fetching
99 silly cache add args [ 'grunt-contrib-copy@~0.4.1', null ]
100 verbose cache add spec grunt-contrib-copy@~0.4.1
101 silly cache add parsed spec { raw: 'grunt-contrib-copy@~0.4.1',
101 silly cache add   scope: null,
101 silly cache add   name: 'grunt-contrib-copy',
101 silly cache add   rawSpec: '~0.4.1',
101 silly cache add   spec: '>=0.4.1 <0.5.0',
101 silly cache add   type: 'range' }
102 silly addNamed grunt-contrib-copy@>=0.4.1 <0.5.0
103 verbose addNamed ">=0.4.1 <0.5.0" is a valid semver range for grunt-contrib-copy
104 silly addNameRange { name: 'grunt-contrib-copy',
104 silly addNameRange   range: '>=0.4.1 <0.5.0',
104 silly addNameRange   hasData: false }
105 silly mapToRegistry name grunt-contrib-copy
106 silly mapToRegistry using default registry
107 silly mapToRegistry registry https://registry.npmjs.org/
108 silly mapToRegistry uri https://registry.npmjs.org/grunt-contrib-copy
109 verbose addNameRange registry:https://registry.npmjs.org/grunt-contrib-copy not in flight; fetching
110 verbose request uri https://registry.npmjs.org/grunt-contrib-nodeunit
111 verbose request no auth needed
112 info attempt registry request try #1 at 11:39:06
113 verbose request id 6603b4345287b0c8
114 http request GET https://registry.npmjs.org/grunt-contrib-nodeunit
115 verbose request uri https://registry.npmjs.org/grunt-bower
116 verbose request no auth needed
117 info attempt registry request try #1 at 11:39:06
118 http request GET https://registry.npmjs.org/grunt-bower
119 verbose request uri https://registry.npmjs.org/grunt-contrib-jshint
120 verbose request no auth needed
121 info attempt registry request try #1 at 11:39:06
122 verbose etag "DS75LR7WF5WYJOI7K9HAPJO13"
123 http request GET https://registry.npmjs.org/grunt-contrib-jshint
124 verbose request uri https://registry.npmjs.org/grunt
125 verbose request no auth needed
126 info attempt registry request try #1 at 11:39:06
127 verbose etag "CDIV5UIVMMUJ9PDROP1RMJCSX"
128 http request GET https://registry.npmjs.org/grunt
129 verbose request uri https://registry.npmjs.org/grunt-contrib-watch
130 verbose request no auth needed
131 info attempt registry request try #1 at 11:39:06
132 verbose etag "C249E2IKL060RVG6QARQTRTPV"
133 http request GET https://registry.npmjs.org/grunt-contrib-watch
134 verbose request uri https://registry.npmjs.org/grunt-contrib-uglify
135 verbose request no auth needed
136 info attempt registry request try #1 at 11:39:06
137 verbose etag "2LV4EDDE2PK7BTAYQVOQ4YLGZ"
138 http request GET https://registry.npmjs.org/grunt-contrib-uglify
139 verbose request uri https://registry.npmjs.org/load-grunt-tasks
140 verbose request no auth needed
141 info attempt registry request try #1 at 11:39:06
142 verbose etag "6VMZ5B7CMXFJSLCEDECG18HXW"
143 http request GET https://registry.npmjs.org/load-grunt-tasks
144 verbose request uri https://registry.npmjs.org/time-grunt
145 verbose request no auth needed
146 info attempt registry request try #1 at 11:39:06
147 verbose etag "5QW9JD2MUG3K1SLI3BP2G36EG"
148 http request GET https://registry.npmjs.org/time-grunt
149 verbose request uri https://registry.npmjs.org/grunt-contrib-copy
150 verbose request no auth needed
151 info attempt registry request try #1 at 11:39:06
152 verbose etag "DC5L3LOIQGIW96KNDTUMX15M5"
153 http request GET https://registry.npmjs.org/grunt-contrib-copy
154 http 304 https://registry.npmjs.org/grunt-contrib-jshint
155 silly get cb [ 304,
155 silly get   { date: 'Thu, 10 Sep 2015 09:39:06 GMT',
155 silly get     via: '1.1 varnish',
155 silly get     'cache-control': 'max-age=60',
155 silly get     etag: '"DS75LR7WF5WYJOI7K9HAPJO13"',
155 silly get     age: '37',
155 silly get     connection: 'close',
155 silly get     'x-served-by': 'cache-ams4145-AMS',
155 silly get     'x-cache': 'HIT',
155 silly get     'x-cache-hits': '1',
155 silly get     'x-timer': 'S1441877946.923066,VS0,VE0',
155 silly get     vary: 'Accept' } ]
156 verbose etag https://registry.npmjs.org/grunt-contrib-jshint from cache
157 verbose get saving grunt-contrib-jshint to /Users/besn/.npm/registry.npmjs.org/grunt-contrib-jshint/.cache.json
158 http 304 https://registry.npmjs.org/grunt-contrib-uglify
159 silly get cb [ 304,
159 silly get   { date: 'Thu, 10 Sep 2015 09:39:06 GMT',
159 silly get     via: '1.1 varnish',
159 silly get     'cache-control': 'max-age=60',
159 silly get     etag: '"2LV4EDDE2PK7BTAYQVOQ4YLGZ"',
159 silly get     age: '40',
159 silly get     connection: 'keep-alive',
159 silly get     'x-served-by': 'cache-ams4142-AMS',
159 silly get     'x-cache': 'HIT',
159 silly get     'x-cache-hits': '1',
159 silly get     'x-timer': 'S1441877946.930350,VS0,VE0',
159 silly get     vary: 'Accept' } ]
160 verbose etag https://registry.npmjs.org/grunt-contrib-uglify from cache
161 verbose get saving grunt-contrib-uglify to /Users/besn/.npm/registry.npmjs.org/grunt-contrib-uglify/.cache.json
162 http 304 https://registry.npmjs.org/time-grunt
163 silly get cb [ 304,
163 silly get   { date: 'Thu, 10 Sep 2015 09:39:06 GMT',
163 silly get     via: '1.1 varnish',
163 silly get     'cache-control': 'max-age=60',
163 silly get     etag: '"5QW9JD2MUG3K1SLI3BP2G36EG"',
163 silly get     age: '18',
163 silly get     connection: 'keep-alive',
163 silly get     'x-served-by': 'cache-ams4142-AMS',
163 silly get     'x-cache': 'HIT',
163 silly get     'x-cache-hits': '1',
163 silly get     'x-timer': 'S1441877946.935724,VS0,VE0',
163 silly get     vary: 'Accept' } ]
164 verbose etag https://registry.npmjs.org/time-grunt from cache
165 verbose get saving time-grunt to /Users/besn/.npm/registry.npmjs.org/time-grunt/.cache.json
166 http 304 https://registry.npmjs.org/load-grunt-tasks
167 silly get cb [ 304,
167 silly get   { date: 'Thu, 10 Sep 2015 09:39:06 GMT',
167 silly get     via: '1.1 varnish',
167 silly get     'cache-control': 'max-age=60',
167 silly get     etag: '"6VMZ5B7CMXFJSLCEDECG18HXW"',
167 silly get     age: '16',
167 silly get     connection: 'keep-alive',
167 silly get     'x-served-by': 'cache-ams4126-AMS',
167 silly get     'x-cache': 'HIT',
167 silly get     'x-cache-hits': '1',
167 silly get     'x-timer': 'S1441877946.937759,VS0,VE0',
167 silly get     vary: 'Accept' } ]
168 verbose etag https://registry.npmjs.org/load-grunt-tasks from cache
169 verbose get saving load-grunt-tasks to /Users/besn/.npm/registry.npmjs.org/load-grunt-tasks/.cache.json
170 http 304 https://registry.npmjs.org/grunt-contrib-copy
171 silly get cb [ 304,
171 silly get   { date: 'Thu, 10 Sep 2015 09:39:06 GMT',
171 silly get     via: '1.1 varnish',
171 silly get     'cache-control': 'max-age=60',
171 silly get     etag: '"DC5L3LOIQGIW96KNDTUMX15M5"',
171 silly get     age: '30',
171 silly get     connection: 'keep-alive',
171 silly get     'x-served-by': 'cache-ams4125-AMS',
171 silly get     'x-cache': 'HIT',
171 silly get     'x-cache-hits': '1',
171 silly get     'x-timer': 'S1441877946.940507,VS0,VE0',
171 silly get     vary: 'Accept' } ]
172 verbose etag https://registry.npmjs.org/grunt-contrib-copy from cache
173 verbose get saving grunt-contrib-copy to /Users/besn/.npm/registry.npmjs.org/grunt-contrib-copy/.cache.json
174 silly addNameRange number 2 { name: 'grunt-contrib-uglify',
174 silly addNameRange   range: '>=0.2.2 <0.3.0',
174 silly addNameRange   hasData: true }
175 silly addNameRange versions [ 'grunt-contrib-uglify',
175 silly addNameRange   [ '0.1.0',
175 silly addNameRange     '0.1.1',
175 silly addNameRange     '0.1.2',
175 silly addNameRange     '0.2.0',
175 silly addNameRange     '0.2.1',
175 silly addNameRange     '0.2.2',
175 silly addNameRange     '0.2.3',
175 silly addNameRange     '0.2.4',
175 silly addNameRange     '0.2.5',
175 silly addNameRange     '0.2.6',
175 silly addNameRange     '0.2.7',
175 silly addNameRange     '0.3.0',
175 silly addNameRange     '0.3.1',
175 silly addNameRange     '0.1.1-rc5',
175 silly addNameRange     '0.1.1-rc6',
175 silly addNameRange     '0.3.2',
175 silly addNameRange     '0.3.3',
175 silly addNameRange     '0.4.0',
175 silly addNameRange     '0.5.0',
175 silly addNameRange     '0.4.1',
175 silly addNameRange     '0.5.1',
175 silly addNameRange     '0.6.0',
175 silly addNameRange     '0.7.0',
175 silly addNameRange     '0.8.0',
175 silly addNameRange     '0.8.1',
175 silly addNameRange     '0.9.0',
175 silly addNameRange     '0.9.1',
175 silly addNameRange     '0.9.2' ] ]
176 silly addNamed grunt-contrib-uglify@0.2.7
177 verbose addNamed "0.2.7" is a plain semver version for grunt-contrib-uglify
178 silly addNameRange number 2 { name: 'grunt-contrib-jshint',
178 silly addNameRange   range: '>=0.6.3 <0.7.0',
178 silly addNameRange   hasData: true }
179 silly addNameRange versions [ 'grunt-contrib-jshint',
179 silly addNameRange   [ '0.1.0',
179 silly addNameRange     '0.1.1',
179 silly addNameRange     '0.2.0',
179 silly addNameRange     '0.3.0',
179 silly addNameRange     '0.4.0',
179 silly addNameRange     '0.4.1',
179 silly addNameRange     '0.4.2',
179 silly addNameRange     '0.4.3',
179 silly addNameRange     '0.5.0',
179 silly addNameRange     '0.5.1',
179 silly addNameRange     '0.5.2',
179 silly addNameRange     '0.5.3',
179 silly addNameRange     '0.5.4',
179 silly addNameRange     '0.6.0',
179 silly addNameRange     '0.6.1',
179 silly addNameRange     '0.6.2',
179 silly addNameRange     '0.6.3',
179 silly addNameRange     '0.6.4',
179 silly addNameRange     '0.6.5',
179 silly addNameRange     '0.7.0',
179 silly addNameRange     '0.7.1',
179 silly addNameRange     '0.7.2',
179 silly addNameRange     '0.8.0',
179 silly addNameRange     '0.9.0',
179 silly addNameRange     '0.9.1',
179 silly addNameRange     '0.9.2',
179 silly addNameRange     '0.10.0',
179 silly addNameRange     '0.11.0',
179 silly addNameRange     '0.11.1',
179 silly addNameRange     '0.11.2',
179 silly addNameRange     '0.11.3',
179 silly addNameRange     '0.1.1-rc5',
179 silly addNameRange     '0.1.1-rc6' ] ]
180 silly addNamed grunt-contrib-jshint@0.6.5
181 verbose addNamed "0.6.5" is a plain semver version for grunt-contrib-jshint
182 silly mapToRegistry name grunt-contrib-uglify
183 silly mapToRegistry using default registry
184 silly mapToRegistry registry https://registry.npmjs.org/
185 silly mapToRegistry uri https://registry.npmjs.org/grunt-contrib-uglify
186 verbose addRemoteTarball https://registry.npmjs.org/grunt-contrib-uglify/-/grunt-contrib-uglify-0.2.7.tgz not in flight; adding
187 verbose addRemoteTarball [ 'https://registry.npmjs.org/grunt-contrib-uglify/-/grunt-contrib-uglify-0.2.7.tgz',
187 verbose addRemoteTarball   'e6bda51e0c40a1459f6cead423c65efd725a1bf7' ]
188 silly mapToRegistry name grunt-contrib-jshint
189 silly mapToRegistry using default registry
190 silly mapToRegistry registry https://registry.npmjs.org/
191 silly mapToRegistry uri https://registry.npmjs.org/grunt-contrib-jshint
192 verbose addRemoteTarball https://registry.npmjs.org/grunt-contrib-jshint/-/grunt-contrib-jshint-0.6.5.tgz not in flight; adding
193 verbose addRemoteTarball [ 'https://registry.npmjs.org/grunt-contrib-jshint/-/grunt-contrib-jshint-0.6.5.tgz',
193 verbose addRemoteTarball   '3afb4676745364cc4a19eee7934c0e06008b566e' ]
194 silly addNameRange number 2 { name: 'time-grunt', range: '>=0.2.3 <0.3.0', hasData: true }
195 silly addNameRange versions [ 'time-grunt',
195 silly addNameRange   [ '0.1.0',
195 silly addNameRange     '0.1.1',
195 silly addNameRange     '0.1.2',
195 silly addNameRange     '0.2.0',
195 silly addNameRange     '0.2.1',
195 silly addNameRange     '0.2.2',
195 silly addNameRange     '0.2.3',
195 silly addNameRange     '0.2.4',
195 silly addNameRange     '0.2.5',
195 silly addNameRange     '0.2.6',
195 silly addNameRange     '0.2.7',
195 silly addNameRange     '0.2.8',
195 silly addNameRange     '0.2.9',
195 silly addNameRange     '0.2.10',
195 silly addNameRange     '0.3.1',
195 silly addNameRange     '0.3.2',
195 silly addNameRange     '0.4.0',
195 silly addNameRange     '1.0.0',
195 silly addNameRange     '1.1.0',
195 silly addNameRange     '1.1.1',
195 silly addNameRange     '1.2.0',
195 silly addNameRange     '1.2.1' ] ]
196 silly addNamed time-grunt@0.2.10
197 verbose addNamed "0.2.10" is a plain semver version for time-grunt
198 silly mapToRegistry name time-grunt
199 silly mapToRegistry using default registry
200 silly mapToRegistry registry https://registry.npmjs.org/
201 silly mapToRegistry uri https://registry.npmjs.org/time-grunt
202 verbose addRemoteTarball https://registry.npmjs.org/time-grunt/-/time-grunt-0.2.10.tgz not in flight; adding
203 verbose addRemoteTarball [ 'https://registry.npmjs.org/time-grunt/-/time-grunt-0.2.10.tgz',
203 verbose addRemoteTarball   '5a8e4cb1122d2ff81a1a8bb15ff8b5ecac068591' ]
204 silly addNameRange number 2 { name: 'load-grunt-tasks',
204 silly addNameRange   range: '>=0.2.0 <0.3.0',
204 silly addNameRange   hasData: true }
205 silly addNameRange versions [ 'load-grunt-tasks',
205 silly addNameRange   [ '0.1.0',
205 silly addNameRange     '0.1.1',
205 silly addNameRange     '0.1.2',
205 silly addNameRange     '0.1.3',
205 silly addNameRange     '0.2.0',
205 silly addNameRange     '0.2.1',
205 silly addNameRange     '0.3.0',
205 silly addNameRange     '0.4.0',
205 silly addNameRange     '0.5.0',
205 silly addNameRange     '0.6.0',
205 silly addNameRange     '1.0.0',
205 silly addNameRange     '2.0.0',
205 silly addNameRange     '3.0.0',
205 silly addNameRange     '3.1.0',
205 silly addNameRange     '3.2.0' ] ]
206 silly addNamed load-grunt-tasks@0.2.1
207 verbose addNamed "0.2.1" is a plain semver version for load-grunt-tasks
208 silly addNameRange number 2 { name: 'grunt-contrib-copy',
208 silly addNameRange   range: '>=0.4.1 <0.5.0',
208 silly addNameRange   hasData: true }
209 silly addNameRange versions [ 'grunt-contrib-copy',
209 silly addNameRange   [ '0.2.0',
209 silly addNameRange     '0.2.1',
209 silly addNameRange     '0.2.2',
209 silly addNameRange     '0.2.3',
209 silly addNameRange     '0.2.4',
209 silly addNameRange     '0.3.0',
209 silly addNameRange     '0.3.1',
209 silly addNameRange     '0.3.2',
209 silly addNameRange     '0.4.0',
209 silly addNameRange     '0.4.1',
209 silly addNameRange     '0.5.0',
209 silly addNameRange     '0.6.0',
209 silly addNameRange     '0.7.0',
209 silly addNameRange     '0.8.0',
209 silly addNameRange     '0.8.1',
209 silly addNameRange     '0.4.0-rc7' ] ]
210 silly addNamed grunt-contrib-copy@0.4.1
211 verbose addNamed "0.4.1" is a plain semver version for grunt-contrib-copy
212 silly mapToRegistry name load-grunt-tasks
213 silly mapToRegistry using default registry
214 silly mapToRegistry registry https://registry.npmjs.org/
215 silly mapToRegistry uri https://registry.npmjs.org/load-grunt-tasks
216 verbose addRemoteTarball https://registry.npmjs.org/load-grunt-tasks/-/load-grunt-tasks-0.2.1.tgz not in flight; adding
217 verbose addRemoteTarball [ 'https://registry.npmjs.org/load-grunt-tasks/-/load-grunt-tasks-0.2.1.tgz',
217 verbose addRemoteTarball   '19df82abb7fab7ec70ecc5222ce7a301a843dace' ]
218 silly mapToRegistry name grunt-contrib-copy
219 silly mapToRegistry using default registry
220 silly mapToRegistry registry https://registry.npmjs.org/
221 silly mapToRegistry uri https://registry.npmjs.org/grunt-contrib-copy
222 verbose addRemoteTarball https://registry.npmjs.org/grunt-contrib-copy/-/grunt-contrib-copy-0.4.1.tgz not in flight; adding
223 verbose addRemoteTarball [ 'https://registry.npmjs.org/grunt-contrib-copy/-/grunt-contrib-copy-0.4.1.tgz',
223 verbose addRemoteTarball   'f0753b40ae21bb706daefb0b299e03cdf5fa9d6e' ]
224 info retry fetch attempt 1 at 11:39:06
225 info attempt registry request try #1 at 11:39:06
226 http fetch GET https://registry.npmjs.org/grunt-contrib-uglify/-/grunt-contrib-uglify-0.2.7.tgz
227 info retry fetch attempt 1 at 11:39:06
228 info attempt registry request try #1 at 11:39:06
229 http fetch GET https://registry.npmjs.org/time-grunt/-/time-grunt-0.2.10.tgz
230 http 200 https://registry.npmjs.org/grunt-contrib-nodeunit
231 silly get cb [ 200,
231 silly get   { server: 'CouchDB/1.5.0 (Erlang OTP/R16B03)',
231 silly get     etag: '"75PE6IBB1E7M3HM9TV3GST5BX"',
231 silly get     'content-type': 'application/json',
231 silly get     'cache-control': 'max-age=60',
231 silly get     'content-length': '24919',
231 silly get     'accept-ranges': 'bytes',
231 silly get     date: 'Thu, 10 Sep 2015 09:39:06 GMT',
231 silly get     via: '1.1 varnish',
231 silly get     age: '52',
231 silly get     connection: 'keep-alive',
231 silly get     'x-served-by': 'cache-ams4122-AMS',
231 silly get     'x-cache': 'HIT',
231 silly get     'x-cache-hits': '1',
231 silly get     'x-timer': 'S1441877946.927608,VS0,VE0',
231 silly get     vary: 'Accept' } ]
232 verbose get saving grunt-contrib-nodeunit to /Users/besn/.npm/registry.npmjs.org/grunt-contrib-nodeunit/.cache.json
233 info retry fetch attempt 1 at 11:39:06
234 info attempt registry request try #1 at 11:39:06
235 http fetch GET https://registry.npmjs.org/grunt-contrib-jshint/-/grunt-contrib-jshint-0.6.5.tgz
236 info retry fetch attempt 1 at 11:39:06
237 info attempt registry request try #1 at 11:39:06
238 http fetch GET https://registry.npmjs.org/load-grunt-tasks/-/load-grunt-tasks-0.2.1.tgz
239 info retry fetch attempt 1 at 11:39:06
240 info attempt registry request try #1 at 11:39:06
241 http fetch GET https://registry.npmjs.org/grunt-contrib-copy/-/grunt-contrib-copy-0.4.1.tgz
242 silly addNameRange number 2 { name: 'grunt-contrib-nodeunit',
242 silly addNameRange   range: '>=0.2.0 <0.3.0',
242 silly addNameRange   hasData: true }
243 silly addNameRange versions [ 'grunt-contrib-nodeunit',
243 silly addNameRange   [ '0.1.0',
243 silly addNameRange     '0.1.1',
243 silly addNameRange     '0.1.2',
243 silly addNameRange     '0.2.0',
243 silly addNameRange     '0.2.1',
243 silly addNameRange     '0.2.2',
243 silly addNameRange     '0.3.0',
243 silly addNameRange     '0.1.2-rc5',
243 silly addNameRange     '0.1.2-rc6',
243 silly addNameRange     '0.3.1',
243 silly addNameRange     '0.3.2',
243 silly addNameRange     '0.3.3',
243 silly addNameRange     '0.4.0',
243 silly addNameRange     '0.4.1' ] ]
244 silly addNamed grunt-contrib-nodeunit@0.2.2
245 verbose addNamed "0.2.2" is a plain semver version for grunt-contrib-nodeunit
246 silly mapToRegistry name grunt-contrib-nodeunit
247 silly mapToRegistry using default registry
248 silly mapToRegistry registry https://registry.npmjs.org/
249 silly mapToRegistry uri https://registry.npmjs.org/grunt-contrib-nodeunit
250 verbose addRemoteTarball https://registry.npmjs.org/grunt-contrib-nodeunit/-/grunt-contrib-nodeunit-0.2.2.tgz not in flight; adding
251 verbose addRemoteTarball [ 'https://registry.npmjs.org/grunt-contrib-nodeunit/-/grunt-contrib-nodeunit-0.2.2.tgz',
251 verbose addRemoteTarball   'd3a9c7908a38b6a31bca24f62ba03efc34bb9766' ]
252 info retry fetch attempt 1 at 11:39:06
253 info attempt registry request try #1 at 11:39:06
254 http fetch GET https://registry.npmjs.org/grunt-contrib-nodeunit/-/grunt-contrib-nodeunit-0.2.2.tgz
255 http 200 https://registry.npmjs.org/grunt
256 silly get cb [ 200,
256 silly get   { server: 'CouchDB/1.5.0 (Erlang OTP/R16B03)',
256 silly get     etag: '"5WUTQ2M3OI0N2ZPK1TPZ2GBFR"',
256 silly get     'content-type': 'application/json',
256 silly get     'cache-control': 'max-age=60',
256 silly get     'content-length': '90199',
256 silly get     'accept-ranges': 'bytes',
256 silly get     date: 'Thu, 10 Sep 2015 09:39:06 GMT',
256 silly get     via: '1.1 varnish',
256 silly get     age: '14',
256 silly get     connection: 'keep-alive',
256 silly get     'x-served-by': 'cache-ams4147-AMS',
256 silly get     'x-cache': 'HIT',
256 silly get     'x-cache-hits': '1',
256 silly get     'x-timer': 'S1441877946.921436,VS0,VE0',
256 silly get     vary: 'Accept' } ]
257 verbose get saving grunt to /Users/besn/.npm/registry.npmjs.org/grunt/.cache.json
258 silly addNameRange number 2 { name: 'grunt', range: '>=0.4.2 <0.5.0', hasData: true }
259 silly addNameRange versions [ 'grunt',
259 silly addNameRange   [ '0.1.0',
259 silly addNameRange     '0.1.1',
259 silly addNameRange     '0.1.2',
259 silly addNameRange     '0.2.0',
259 silly addNameRange     '0.2.1',
259 silly addNameRange     '0.2.2',
259 silly addNameRange     '0.2.3',
259 silly addNameRange     '0.2.4',
259 silly addNameRange     '0.2.5',
259 silly addNameRange     '0.2.6',
259 silly addNameRange     '0.2.7',
259 silly addNameRange     '0.2.8',
259 silly addNameRange     '0.2.9',
259 silly addNameRange     '0.2.10',
259 silly addNameRange     '0.2.11',
259 silly addNameRange     '0.2.12',
259 silly addNameRange     '0.2.13',
259 silly addNameRange     '0.2.14',
259 silly addNameRange     '0.2.15',
259 silly addNameRange     '0.3.0',
259 silly addNameRange     '0.3.1',
259 silly addNameRange     '0.3.2',
259 silly addNameRange     '0.3.3',
259 silly addNameRange     '0.3.4',
259 silly addNameRange     '0.3.5',
259 silly addNameRange     '0.3.6',
259 silly addNameRange     '0.3.7',
259 silly addNameRange     '0.3.8',
259 silly addNameRange     '0.3.9',
259 silly addNameRange     '0.3.10',
259 silly addNameRange     '0.3.11',
259 silly addNameRange     '0.3.12',
259 silly addNameRange     '0.3.13',
259 silly addNameRange     '0.3.14',
259 silly addNameRange     '0.3.15',
259 silly addNameRange     '0.3.16',
259 silly addNameRange     '0.3.17',
259 silly addNameRange     '0.4.0',
259 silly addNameRange     '0.4.1',
259 silly addNameRange     '0.4.2',
259 silly addNameRange     '0.4.3',
259 silly addNameRange     '0.4.4',
259 silly addNameRange     '0.4.5',
259 silly addNameRange     '0.3.13-a',
259 silly addNameRange     '0.4.0-a',
259 silly addNameRange     '0.4.0-rc1',
259 silly addNameRange     '0.4.0-rc2',
259 silly addNameRange     '0.4.0-rc3',
259 silly addNameRange     '0.4.0-rc4',
259 silly addNameRange     '0.4.0-rc5',
259 silly addNameRange     '0.4.0-rc6',
259 silly addNameRange     '0.4.0-rc7',
259 silly addNameRange     '0.4.0-rc8' ] ]
260 silly addNamed grunt@0.4.5
261 verbose addNamed "0.4.5" is a plain semver version for grunt
262 http 200 https://registry.npmjs.org/grunt-contrib-watch
263 silly get cb [ 200,
263 silly get   { server: 'CouchDB/1.5.0 (Erlang OTP/R16B03)',
263 silly get     etag: '"8JIUAOITMGY020WXIKKRY14DG"',
263 silly get     'content-type': 'application/json',
263 silly get     'cache-control': 'max-age=60',
263 silly get     'content-length': '58952',
263 silly get     'accept-ranges': 'bytes',
263 silly get     date: 'Thu, 10 Sep 2015 09:39:06 GMT',
263 silly get     via: '1.1 varnish',
263 silly get     age: '39',
263 silly get     connection: 'keep-alive',
263 silly get     'x-served-by': 'cache-ams4146-AMS',
263 silly get     'x-cache': 'HIT',
263 silly get     'x-cache-hits': '3',
263 silly get     'x-timer': 'S1441877946.931871,VS0,VE0',
263 silly get     vary: 'Accept' } ]
264 verbose get saving grunt-contrib-watch to /Users/besn/.npm/registry.npmjs.org/grunt-contrib-watch/.cache.json
265 silly cache afterAdd grunt@0.4.5
266 verbose afterAdd /Users/besn/.npm/grunt/0.4.5/package/package.json not in flight; writing
267 verbose afterAdd /Users/besn/.npm/grunt/0.4.5/package/package.json written
268 silly addNameRange number 2 { name: 'grunt-contrib-watch',
268 silly addNameRange   range: '>=0.5.3 <0.6.0',
268 silly addNameRange   hasData: true }
269 silly addNameRange versions [ 'grunt-contrib-watch',
269 silly addNameRange   [ '0.1.0',
269 silly addNameRange     '0.1.1',
269 silly addNameRange     '0.1.2',
269 silly addNameRange     '0.1.3',
269 silly addNameRange     '0.1.4',
269 silly addNameRange     '0.2.0',
269 silly addNameRange     '0.3.0',
269 silly addNameRange     '0.3.1',
269 silly addNameRange     '0.4.0',
269 silly addNameRange     '0.4.1',
269 silly addNameRange     '0.4.2',
269 silly addNameRange     '0.4.3',
269 silly addNameRange     '0.4.4',
269 silly addNameRange     '0.5.0',
269 silly addNameRange     '0.5.1',
269 silly addNameRange     '0.5.2',
269 silly addNameRange     '0.5.3',
269 silly addNameRange     '0.6.0',
269 silly addNameRange     '0.6.1',
269 silly addNameRange     '0.2.0-a',
269 silly addNameRange     '0.2.0-rc5',
269 silly addNameRange     '0.2.0-rc7' ] ]
270 silly addNamed grunt-contrib-watch@0.5.3
271 verbose addNamed "0.5.3" is a plain semver version for grunt-contrib-watch
272 silly mapToRegistry name grunt-contrib-watch
273 silly mapToRegistry using default registry
274 silly mapToRegistry registry https://registry.npmjs.org/
275 silly mapToRegistry uri https://registry.npmjs.org/grunt-contrib-watch
276 verbose addRemoteTarball https://registry.npmjs.org/grunt-contrib-watch/-/grunt-contrib-watch-0.5.3.tgz not in flight; adding
277 verbose addRemoteTarball [ 'https://registry.npmjs.org/grunt-contrib-watch/-/grunt-contrib-watch-0.5.3.tgz',
277 verbose addRemoteTarball   '7d9eb5465d506fa14faaca47e6e8790a82c1c9ee' ]
278 info retry fetch attempt 1 at 11:39:06
279 info attempt registry request try #1 at 11:39:06
280 http fetch GET https://registry.npmjs.org/grunt-contrib-watch/-/grunt-contrib-watch-0.5.3.tgz
281 http fetch 200 https://registry.npmjs.org/time-grunt/-/time-grunt-0.2.10.tgz
282 http fetch 200 https://registry.npmjs.org/load-grunt-tasks/-/load-grunt-tasks-0.2.1.tgz
283 silly fetchAndShaCheck shasum 5a8e4cb1122d2ff81a1a8bb15ff8b5ecac068591
284 silly fetchAndShaCheck shasum 19df82abb7fab7ec70ecc5222ce7a301a843dace
285 http fetch 200 https://registry.npmjs.org/grunt-contrib-jshint/-/grunt-contrib-jshint-0.6.5.tgz
286 verbose addTmpTarball /var/folders/yc/ldfsm2rs1dx1vs1p6sd55gl40000gn/T/npm-74052-49d2d195/registry.npmjs.org/time-grunt/-/time-grunt-0.2.10.tgz not in flight; adding
287 verbose addTmpTarball already have metadata; skipping unpack for time-grunt@0.2.10
288 verbose addTmpTarball /var/folders/yc/ldfsm2rs1dx1vs1p6sd55gl40000gn/T/npm-74052-49d2d195/registry.npmjs.org/load-grunt-tasks/-/load-grunt-tasks-0.2.1.tgz not in flight; adding
289 verbose addTmpTarball already have metadata; skipping unpack for load-grunt-tasks@0.2.1
290 http fetch 200 https://registry.npmjs.org/grunt-contrib-nodeunit/-/grunt-contrib-nodeunit-0.2.2.tgz
291 http fetch 200 https://registry.npmjs.org/grunt-contrib-copy/-/grunt-contrib-copy-0.4.1.tgz
292 silly fetchAndShaCheck shasum d3a9c7908a38b6a31bca24f62ba03efc34bb9766
293 silly fetchAndShaCheck shasum 3afb4676745364cc4a19eee7934c0e06008b566e
294 silly cache afterAdd time-grunt@0.2.10
295 verbose afterAdd /Users/besn/.npm/time-grunt/0.2.10/package/package.json not in flight; writing
296 verbose addTmpTarball /var/folders/yc/ldfsm2rs1dx1vs1p6sd55gl40000gn/T/npm-74052-49d2d195/registry.npmjs.org/grunt-contrib-nodeunit/-/grunt-contrib-nodeunit-0.2.2.tgz not in flight; adding
297 verbose addTmpTarball already have metadata; skipping unpack for grunt-contrib-nodeunit@0.2.2
298 silly cache afterAdd load-grunt-tasks@0.2.1
299 verbose afterAdd /Users/besn/.npm/load-grunt-tasks/0.2.1/package/package.json not in flight; writing
300 verbose addTmpTarball /var/folders/yc/ldfsm2rs1dx1vs1p6sd55gl40000gn/T/npm-74052-49d2d195/registry.npmjs.org/grunt-contrib-jshint/-/grunt-contrib-jshint-0.6.5.tgz not in flight; adding
301 verbose addTmpTarball already have metadata; skipping unpack for grunt-contrib-jshint@0.6.5
302 silly fetchAndShaCheck shasum f0753b40ae21bb706daefb0b299e03cdf5fa9d6e
303 verbose addTmpTarball /var/folders/yc/ldfsm2rs1dx1vs1p6sd55gl40000gn/T/npm-74052-49d2d195/registry.npmjs.org/grunt-contrib-copy/-/grunt-contrib-copy-0.4.1.tgz not in flight; adding
304 verbose addTmpTarball already have metadata; skipping unpack for grunt-contrib-copy@0.4.1
305 verbose afterAdd /Users/besn/.npm/time-grunt/0.2.10/package/package.json written
306 verbose afterAdd /Users/besn/.npm/load-grunt-tasks/0.2.1/package/package.json written
307 silly cache afterAdd grunt-contrib-jshint@0.6.5
308 verbose afterAdd /Users/besn/.npm/grunt-contrib-jshint/0.6.5/package/package.json not in flight; writing
309 silly cache afterAdd grunt-contrib-copy@0.4.1
310 verbose afterAdd /Users/besn/.npm/grunt-contrib-copy/0.4.1/package/package.json not in flight; writing
311 silly cache afterAdd grunt-contrib-nodeunit@0.2.2
312 verbose afterAdd /Users/besn/.npm/grunt-contrib-nodeunit/0.2.2/package/package.json not in flight; writing
313 verbose afterAdd /Users/besn/.npm/grunt-contrib-jshint/0.6.5/package/package.json written
314 verbose afterAdd /Users/besn/.npm/grunt-contrib-nodeunit/0.2.2/package/package.json written
315 verbose afterAdd /Users/besn/.npm/grunt-contrib-copy/0.4.1/package/package.json written
316 http fetch 200 https://registry.npmjs.org/grunt-contrib-uglify/-/grunt-contrib-uglify-0.2.7.tgz
317 silly fetchAndShaCheck shasum e6bda51e0c40a1459f6cead423c65efd725a1bf7
318 verbose addTmpTarball /var/folders/yc/ldfsm2rs1dx1vs1p6sd55gl40000gn/T/npm-74052-49d2d195/registry.npmjs.org/grunt-contrib-uglify/-/grunt-contrib-uglify-0.2.7.tgz not in flight; adding
319 verbose addTmpTarball already have metadata; skipping unpack for grunt-contrib-uglify@0.2.7
320 silly cache afterAdd grunt-contrib-uglify@0.2.7
321 verbose afterAdd /Users/besn/.npm/grunt-contrib-uglify/0.2.7/package/package.json not in flight; writing
322 verbose afterAdd /Users/besn/.npm/grunt-contrib-uglify/0.2.7/package/package.json written
323 http fetch 200 https://registry.npmjs.org/grunt-contrib-watch/-/grunt-contrib-watch-0.5.3.tgz
324 silly fetchAndShaCheck shasum 7d9eb5465d506fa14faaca47e6e8790a82c1c9ee
325 verbose addTmpTarball /var/folders/yc/ldfsm2rs1dx1vs1p6sd55gl40000gn/T/npm-74052-49d2d195/registry.npmjs.org/grunt-contrib-watch/-/grunt-contrib-watch-0.5.3.tgz not in flight; adding
326 verbose addTmpTarball already have metadata; skipping unpack for grunt-contrib-watch@0.5.3
327 silly cache afterAdd grunt-contrib-watch@0.5.3
328 verbose afterAdd /Users/besn/.npm/grunt-contrib-watch/0.5.3/package/package.json not in flight; writing
329 verbose afterAdd /Users/besn/.npm/grunt-contrib-watch/0.5.3/package/package.json written
330 http 200 https://registry.npmjs.org/grunt-bower
331 silly get cb [ 200,
331 silly get   { server: 'CouchDB/1.5.0 (Erlang OTP/R16B03)',
331 silly get     etag: '"8FVDCYRB0ZBVRRIN4T1CA5D5G"',
331 silly get     'content-type': 'application/json',
331 silly get     'cache-control': 'max-age=60',
331 silly get     'content-length': '58181',
331 silly get     'accept-ranges': 'bytes',
331 silly get     date: 'Thu, 10 Sep 2015 09:39:07 GMT',
331 silly get     via: '1.1 varnish',
331 silly get     age: '0',
331 silly get     connection: 'keep-alive',
331 silly get     'x-served-by': 'cache-ams4128-AMS',
331 silly get     'x-cache': 'HIT',
331 silly get     'x-cache-hits': '1',
331 silly get     'x-timer': 'S1441877946.924784,VS0,VE686',
331 silly get     vary: 'Accept' } ]
332 verbose get saving grunt-bower to /Users/besn/.npm/registry.npmjs.org/grunt-bower/.cache.json
333 silly mapToRegistry name grunt-bower
334 silly mapToRegistry using default registry
335 silly mapToRegistry registry https://registry.npmjs.org/
336 silly mapToRegistry uri https://registry.npmjs.org/grunt-bower
337 verbose addRemoteTarball https://registry.npmjs.org/grunt-bower/-/grunt-bower-0.7.0.tgz not in flight; adding
338 verbose addRemoteTarball [ 'https://registry.npmjs.org/grunt-bower/-/grunt-bower-0.7.0.tgz',
338 verbose addRemoteTarball   '3dd1ca62889eabf17f7e30c8389065325997d8c8' ]
339 info retry fetch attempt 1 at 11:39:07
340 info attempt registry request try #1 at 11:39:07
341 http fetch GET https://registry.npmjs.org/grunt-bower/-/grunt-bower-0.7.0.tgz
342 http fetch 504 https://registry.npmjs.org/grunt-bower/-/grunt-bower-0.7.0.tgz
343 info retry will retry, error on last attempt: Error: server error 504
344 info attempt registry request try #2 at 11:40:07
345 http fetch GET https://registry.npmjs.org/grunt-bower/-/grunt-bower-0.7.0.tgz
346 http fetch 504 https://registry.npmjs.org/grunt-bower/-/grunt-bower-0.7.0.tgz
347 info retry will retry, error on last attempt: Error: server error 504
348 info attempt registry request try #3 at 11:41:58
349 http fetch GET https://registry.npmjs.org/grunt-bower/-/grunt-bower-0.7.0.tgz
350 http fetch 503 https://registry.npmjs.org/grunt-bower/-/grunt-bower-0.7.0.tgz
351 error fetch failed https://registry.npmjs.org/grunt-bower/-/grunt-bower-0.7.0.tgz
352 warn retry will retry, error on last attempt: Error: fetch failed with status code 503
353 info retry fetch attempt 2 at 11:42:08
354 info attempt registry request try #1 at 11:42:08
355 http fetch GET https://registry.npmjs.org/grunt-bower/-/grunt-bower-0.7.0.tgz
356 http fetch 503 https://registry.npmjs.org/grunt-bower/-/grunt-bower-0.7.0.tgz
357 info retry will retry, error on last attempt: Error: server error 503
358 info attempt registry request try #2 at 11:42:18
359 http fetch GET https://registry.npmjs.org/grunt-bower/-/grunt-bower-0.7.0.tgz
360 http fetch 503 https://registry.npmjs.org/grunt-bower/-/grunt-bower-0.7.0.tgz
361 info retry will retry, error on last attempt: Error: server error 503
362 info attempt registry request try #3 at 11:43:18
363 http fetch GET https://registry.npmjs.org/grunt-bower/-/grunt-bower-0.7.0.tgz
364 http fetch 503 https://registry.npmjs.org/grunt-bower/-/grunt-bower-0.7.0.tgz
365 error fetch failed https://registry.npmjs.org/grunt-bower/-/grunt-bower-0.7.0.tgz
366 warn retry will retry, error on last attempt: Error: fetch failed with status code 503
367 info retry fetch attempt 3 at 11:44:18
368 info attempt registry request try #1 at 11:44:18
369 http fetch GET https://registry.npmjs.org/grunt-bower/-/grunt-bower-0.7.0.tgz
370 http fetch 503 https://registry.npmjs.org/grunt-bower/-/grunt-bower-0.7.0.tgz
371 info retry will retry, error on last attempt: Error: server error 503
372 info attempt registry request try #2 at 11:44:29
373 http fetch GET https://registry.npmjs.org/grunt-bower/-/grunt-bower-0.7.0.tgz
374 http fetch 503 https://registry.npmjs.org/grunt-bower/-/grunt-bower-0.7.0.tgz
375 info retry will retry, error on last attempt: Error: server error 503
376 info attempt registry request try #3 at 11:45:29
377 http fetch GET https://registry.npmjs.org/grunt-bower/-/grunt-bower-0.7.0.tgz
378 http fetch 503 https://registry.npmjs.org/grunt-bower/-/grunt-bower-0.7.0.tgz
379 error fetch failed https://registry.npmjs.org/grunt-bower/-/grunt-bower-0.7.0.tgz
380 verbose stack Error: fetch failed with status code 503
380 verbose stack     at Request.<anonymous> (/usr/local/lib/node_modules/npm/node_modules/npm-registry-client/lib/fetch.js:51:14)
380 verbose stack     at Request.emit (events.js:107:17)
380 verbose stack     at Request.onRequestResponse (/usr/local/lib/node_modules/npm/node_modules/request/request.js:992:10)
380 verbose stack     at ClientRequest.emit (events.js:107:17)
380 verbose stack     at HTTPParser.parserOnIncomingClient [as onIncoming] (_http_client.js:426:21)
380 verbose stack     at HTTPParser.parserOnHeadersComplete (_http_common.js:111:23)
380 verbose stack     at TLSSocket.socketOnData (_http_client.js:317:20)
380 verbose stack     at TLSSocket.emit (events.js:107:17)
380 verbose stack     at readableAddChunk (_stream_readable.js:163:16)
380 verbose stack     at TLSSocket.Readable.push (_stream_readable.js:126:10)
381 verbose cwd /Users/besn/Projects/routr
382 error Darwin 14.5.0
383 error argv "node" "/usr/local/bin/npm" "install"
384 error node v0.12.7
385 error npm  v2.14.0
386 error fetch failed with status code 503
387 error If you need help, you may report this error at:
387 error     <https://github.com/npm/npm/issues>
388 verbose exit [ 1, true ]
